<?xml version="1.0" encoding="UTF-8"?>
<testng-results ignored="0" total="1" passed="1" failed="0" skipped="0">
  <reporter-output>
  </reporter-output>
  <suite started-at="2023-03-06T00:06:17 IST" name="Default suite" finished-at="2023-03-06T00:06:37 IST" duration-ms="20826">
    <groups>
    </groups>
    <test started-at="2023-03-06T00:06:17 IST" name="Default test" finished-at="2023-03-06T00:06:37 IST" duration-ms="20826">
      <class name="com.actitime.qspiders.test.EndToEnd">
        <test-method is-config="true" signature="configBeforeMethod()[pri:0, instance:com.actitime.qspiders.test.EndToEnd@72d1ad2e]" started-at="2023-03-06T00:06:17 IST" name="configBeforeMethod" finished-at="2023-03-06T00:06:29 IST" duration-ms="12006" status="PASS">
          <reporter-output>
          </reporter-output>
        </test-method> <!-- configBeforeMethod -->
        <test-method signature="loginLogout()[pri:0, instance:com.actitime.qspiders.test.EndToEnd@72d1ad2e]" started-at="2023-03-06T00:06:29 IST" name="loginLogout" finished-at="2023-03-06T00:06:37 IST" duration-ms="8175" status="PASS">
          <reporter-output>
          </reporter-output>
        </test-method> <!-- loginLogout -->
        <test-method is-config="true" signature="configAfterMethod()[pri:0, instance:com.actitime.qspiders.test.EndToEnd@72d1ad2e]" started-at="2023-03-06T00:06:37 IST" name="configAfterMethod" finished-at="2023-03-06T00:06:37 IST" duration-ms="586" status="PASS">
          <reporter-output>
          </reporter-output>
        </test-method> <!-- configAfterMethod -->
      </class> <!-- com.actitime.qspiders.test.EndToEnd -->
    </test> <!-- Default test -->
  </suite> <!-- Default suite -->
</testng-results>
